<?xml version="1.0" encoding="UTF-8"?>
<!-- Generated by org.testng.reporters.JUnitXMLReporter -->
<testsuite hostname="ManojKumar-PC" ignored="0" name="Test" tests="3" failures="0" timestamp="01 Apr 2017 09:30:02 GMT" time="40.425" errors="0">
  <testcase name="testhomepage" time="3.416" classname="testcases.Loginpage"/>
  <testcase name="testhomepage" time="0.021" classname="testcases.Verifyhomepage"/>
  <testcase name="testhomepage" time="1.326" classname="testcases.Loginpagewithreport"/>
</testsuite> <!-- Test -->
